CRITICAL - 2020-06-16 16:52:45 --> Allowed memory size of 536870912 bytes exhausted (tried to allocate 365039864 bytes)
#0 [internal function]: CodeIgniter\Debug\Exceptions->shutdownHandler()
#1 {main}
CRITICAL - 2020-06-16 16:52:53 --> Allowed memory size of 536870912 bytes exhausted (tried to allocate 365039864 bytes)
#0 [internal function]: CodeIgniter\Debug\Exceptions->shutdownHandler()
#1 {main}
CRITICAL - 2020-06-16 16:53:39 --> Use of undefined constant console - assumed 'console' (this will throw an Error in a future version of PHP)
#0 /Applications/XAMPP/xamppfiles/htdocs/codeigniter-dgac/app/Views/comunidad/listado-comunidad.php(217): CodeIgniter\Debug\Exceptions->errorHandler(2, 'Use of undefine...', '/Applications/X...', 217, Array)
#1 /Applications/XAMPP/xamppfiles/htdocs/codeigniter-dgac/system/View/View.php(246): include('/Applications/X...')
#2 /Applications/XAMPP/xamppfiles/htdocs/codeigniter-dgac/system/Common.php(1087): CodeIgniter\View\View->render('comunidad/lista...', Array, true)
#3 /Applications/XAMPP/xamppfiles/htdocs/codeigniter-dgac/app/Controllers/Comunidad.php(79): view('comunidad/lista...', Array)
#4 /Applications/XAMPP/xamppfiles/htdocs/codeigniter-dgac/system/CodeIgniter.php(914): App\Controllers\Comunidad->buscar_comunidad()
#5 /Applications/XAMPP/xamppfiles/htdocs/codeigniter-dgac/system/CodeIgniter.php(400): CodeIgniter\CodeIgniter->runController(Object(App\Controllers\Comunidad))
#6 /Applications/XAMPP/xamppfiles/htdocs/codeigniter-dgac/system/CodeIgniter.php(308): CodeIgniter\CodeIgniter->handleRequest(NULL, Object(Config\Cache), false)
#7 /Applications/XAMPP/xamppfiles/htdocs/codeigniter-dgac/public/index.php(45): CodeIgniter\CodeIgniter->run()
#8 {main}
CRITICAL - 2020-06-16 17:24:39 --> Call to undefined function toString()
#0 /Applications/XAMPP/xamppfiles/htdocs/codeigniter-dgac/system/View/View.php(246): include()
#1 /Applications/XAMPP/xamppfiles/htdocs/codeigniter-dgac/system/Common.php(1087): CodeIgniter\View\View->render('comunidad/lista...', Array, true)
#2 /Applications/XAMPP/xamppfiles/htdocs/codeigniter-dgac/app/Controllers/Comunidad.php(79): view('comunidad/lista...', Array)
#3 /Applications/XAMPP/xamppfiles/htdocs/codeigniter-dgac/system/CodeIgniter.php(914): App\Controllers\Comunidad->buscar_comunidad()
#4 /Applications/XAMPP/xamppfiles/htdocs/codeigniter-dgac/system/CodeIgniter.php(400): CodeIgniter\CodeIgniter->runController(Object(App\Controllers\Comunidad))
#5 /Applications/XAMPP/xamppfiles/htdocs/codeigniter-dgac/system/CodeIgniter.php(308): CodeIgniter\CodeIgniter->handleRequest(NULL, Object(Config\Cache), false)
#6 /Applications/XAMPP/xamppfiles/htdocs/codeigniter-dgac/public/index.php(45): CodeIgniter\CodeIgniter->run()
#7 {main}
CRITICAL - 2020-06-16 17:36:39 --> You have an error in your SQL syntax; check the manual that corresponds to your MariaDB server version for the right syntax to use near '%' ESCAPE '!'
ORDER BY `grupo_categoria`.`nombre`, `grupo`.`nombre`' at line 1
#0 /Applications/XAMPP/xamppfiles/htdocs/codeigniter-dgac/system/Database/MySQLi/Connection.php(331): mysqli->query('SELECT `grupo`....')
#1 /Applications/XAMPP/xamppfiles/htdocs/codeigniter-dgac/system/Database/BaseConnection.php(738): CodeIgniter\Database\MySQLi\Connection->execute('SELECT `grupo`....')
#2 /Applications/XAMPP/xamppfiles/htdocs/codeigniter-dgac/system/Database/BaseConnection.php(666): CodeIgniter\Database\BaseConnection->simpleQuery('SELECT `grupo`....')
#3 /Applications/XAMPP/xamppfiles/htdocs/codeigniter-dgac/system/Database/BaseBuilder.php(1845): CodeIgniter\Database\BaseConnection->query('SELECT `grupo`....', Array, false)
#4 /Applications/XAMPP/xamppfiles/htdocs/codeigniter-dgac/app/Models/ComunidadModel.php(78): CodeIgniter\Database\BaseBuilder->get()
#5 /Applications/XAMPP/xamppfiles/htdocs/codeigniter-dgac/app/Controllers/Comunidad.php(77): App\Models\ComunidadModel->buscarComunidad(Array)
#6 /Applications/XAMPP/xamppfiles/htdocs/codeigniter-dgac/system/CodeIgniter.php(914): App\Controllers\Comunidad->buscar_comunidad()
#7 /Applications/XAMPP/xamppfiles/htdocs/codeigniter-dgac/system/CodeIgniter.php(400): CodeIgniter\CodeIgniter->runController(Object(App\Controllers\Comunidad))
#8 /Applications/XAMPP/xamppfiles/htdocs/codeigniter-dgac/system/CodeIgniter.php(308): CodeIgniter\CodeIgniter->handleRequest(NULL, Object(Config\Cache), false)
#9 /Applications/XAMPP/xamppfiles/htdocs/codeigniter-dgac/public/index.php(45): CodeIgniter\CodeIgniter->run()
#10 {main}
CRITICAL - 2020-06-16 17:37:02 --> Undefined property: stdClass::$nombre
#0 /Applications/XAMPP/xamppfiles/htdocs/codeigniter-dgac/app/Views/comunidad/listado-comunidad.php(217): CodeIgniter\Debug\Exceptions->errorHandler(8, 'Undefined prope...', '/Applications/X...', 217, Array)
#1 /Applications/XAMPP/xamppfiles/htdocs/codeigniter-dgac/system/View/View.php(246): include('/Applications/X...')
#2 /Applications/XAMPP/xamppfiles/htdocs/codeigniter-dgac/system/Common.php(1087): CodeIgniter\View\View->render('comunidad/lista...', Array, true)
#3 /Applications/XAMPP/xamppfiles/htdocs/codeigniter-dgac/app/Controllers/Comunidad.php(79): view('comunidad/lista...', Array)
#4 /Applications/XAMPP/xamppfiles/htdocs/codeigniter-dgac/system/CodeIgniter.php(914): App\Controllers\Comunidad->buscar_comunidad()
#5 /Applications/XAMPP/xamppfiles/htdocs/codeigniter-dgac/system/CodeIgniter.php(400): CodeIgniter\CodeIgniter->runController(Object(App\Controllers\Comunidad))
#6 /Applications/XAMPP/xamppfiles/htdocs/codeigniter-dgac/system/CodeIgniter.php(308): CodeIgniter\CodeIgniter->handleRequest(NULL, Object(Config\Cache), false)
#7 /Applications/XAMPP/xamppfiles/htdocs/codeigniter-dgac/public/index.php(45): CodeIgniter\CodeIgniter->run()
#8 {main}
CRITICAL - 2020-06-16 17:40:32 --> You have an error in your SQL syntax; check the manual that corresponds to your MariaDB server version for the right syntax to use near '"""), `grupo`.`autoincorporacion`, `grupo`.`inactivo`, `grupo_categoria`.`nombre' at line 1
#0 /Applications/XAMPP/xamppfiles/htdocs/codeigniter-dgac/system/Database/MySQLi/Connection.php(331): mysqli->query('SELECT `grupo`....')
#1 /Applications/XAMPP/xamppfiles/htdocs/codeigniter-dgac/system/Database/BaseConnection.php(738): CodeIgniter\Database\MySQLi\Connection->execute('SELECT `grupo`....')
#2 /Applications/XAMPP/xamppfiles/htdocs/codeigniter-dgac/system/Database/BaseConnection.php(666): CodeIgniter\Database\BaseConnection->simpleQuery('SELECT `grupo`....')
#3 /Applications/XAMPP/xamppfiles/htdocs/codeigniter-dgac/system/Database/BaseBuilder.php(1845): CodeIgniter\Database\BaseConnection->query('SELECT `grupo`....', Array, false)
#4 /Applications/XAMPP/xamppfiles/htdocs/codeigniter-dgac/app/Models/ComunidadModel.php(78): CodeIgniter\Database\BaseBuilder->get()
#5 /Applications/XAMPP/xamppfiles/htdocs/codeigniter-dgac/app/Controllers/Comunidad.php(77): App\Models\ComunidadModel->buscarComunidad(Array)
#6 /Applications/XAMPP/xamppfiles/htdocs/codeigniter-dgac/system/CodeIgniter.php(914): App\Controllers\Comunidad->buscar_comunidad()
#7 /Applications/XAMPP/xamppfiles/htdocs/codeigniter-dgac/system/CodeIgniter.php(400): CodeIgniter\CodeIgniter->runController(Object(App\Controllers\Comunidad))
#8 /Applications/XAMPP/xamppfiles/htdocs/codeigniter-dgac/system/CodeIgniter.php(308): CodeIgniter\CodeIgniter->handleRequest(NULL, Object(Config\Cache), false)
#9 /Applications/XAMPP/xamppfiles/htdocs/codeigniter-dgac/public/index.php(45): CodeIgniter\CodeIgniter->run()
#10 {main}
CRITICAL - 2020-06-16 17:43:07 --> Undefined property: stdClass::$nombre
#0 /Applications/XAMPP/xamppfiles/htdocs/codeigniter-dgac/app/Views/comunidad/listado-comunidad.php(217): CodeIgniter\Debug\Exceptions->errorHandler(8, 'Undefined prope...', '/Applications/X...', 217, Array)
#1 /Applications/XAMPP/xamppfiles/htdocs/codeigniter-dgac/system/View/View.php(246): include('/Applications/X...')
#2 /Applications/XAMPP/xamppfiles/htdocs/codeigniter-dgac/system/Common.php(1087): CodeIgniter\View\View->render('comunidad/lista...', Array, true)
#3 /Applications/XAMPP/xamppfiles/htdocs/codeigniter-dgac/app/Controllers/Comunidad.php(79): view('comunidad/lista...', Array)
#4 /Applications/XAMPP/xamppfiles/htdocs/codeigniter-dgac/system/CodeIgniter.php(914): App\Controllers\Comunidad->buscar_comunidad()
#5 /Applications/XAMPP/xamppfiles/htdocs/codeigniter-dgac/system/CodeIgniter.php(400): CodeIgniter\CodeIgniter->runController(Object(App\Controllers\Comunidad))
#6 /Applications/XAMPP/xamppfiles/htdocs/codeigniter-dgac/system/CodeIgniter.php(308): CodeIgniter\CodeIgniter->handleRequest(NULL, Object(Config\Cache), false)
#7 /Applications/XAMPP/xamppfiles/htdocs/codeigniter-dgac/public/index.php(45): CodeIgniter\CodeIgniter->run()
#8 {main}
CRITICAL - 2020-06-16 18:03:03 --> Undefined index: userid
#0 /Applications/XAMPP/xamppfiles/htdocs/codeigniter-dgac/app/Views/comunidad/editar-comunidad.php(95): CodeIgniter\Debug\Exceptions->errorHandler(8, 'Undefined index...', '/Applications/X...', 95, Array)
#1 /Applications/XAMPP/xamppfiles/htdocs/codeigniter-dgac/system/View/View.php(246): include('/Applications/X...')
#2 /Applications/XAMPP/xamppfiles/htdocs/codeigniter-dgac/system/Common.php(1087): CodeIgniter\View\View->render('comunidad/edita...', Array, true)
#3 /Applications/XAMPP/xamppfiles/htdocs/codeigniter-dgac/app/Controllers/Comunidad.php(128): view('comunidad/edita...', Array)
#4 /Applications/XAMPP/xamppfiles/htdocs/codeigniter-dgac/system/CodeIgniter.php(914): App\Controllers\Comunidad->editar('454')
#5 /Applications/XAMPP/xamppfiles/htdocs/codeigniter-dgac/system/CodeIgniter.php(400): CodeIgniter\CodeIgniter->runController(Object(App\Controllers\Comunidad))
#6 /Applications/XAMPP/xamppfiles/htdocs/codeigniter-dgac/system/CodeIgniter.php(308): CodeIgniter\CodeIgniter->handleRequest(NULL, Object(Config\Cache), false)
#7 /Applications/XAMPP/xamppfiles/htdocs/codeigniter-dgac/public/index.php(45): CodeIgniter\CodeIgniter->run()
#8 {main}
CRITICAL - 2020-06-16 18:03:24 --> Undefined index: userid
#0 /Applications/XAMPP/xamppfiles/htdocs/codeigniter-dgac/app/Views/comunidad/editar-comunidad.php(94): CodeIgniter\Debug\Exceptions->errorHandler(8, 'Undefined index...', '/Applications/X...', 94, Array)
#1 /Applications/XAMPP/xamppfiles/htdocs/codeigniter-dgac/system/View/View.php(246): include('/Applications/X...')
#2 /Applications/XAMPP/xamppfiles/htdocs/codeigniter-dgac/system/Common.php(1087): CodeIgniter\View\View->render('comunidad/edita...', Array, true)
#3 /Applications/XAMPP/xamppfiles/htdocs/codeigniter-dgac/app/Controllers/Comunidad.php(128): view('comunidad/edita...', Array)
#4 /Applications/XAMPP/xamppfiles/htdocs/codeigniter-dgac/system/CodeIgniter.php(914): App\Controllers\Comunidad->editar('454')
#5 /Applications/XAMPP/xamppfiles/htdocs/codeigniter-dgac/system/CodeIgniter.php(400): CodeIgniter\CodeIgniter->runController(Object(App\Controllers\Comunidad))
#6 /Applications/XAMPP/xamppfiles/htdocs/codeigniter-dgac/system/CodeIgniter.php(308): CodeIgniter\CodeIgniter->handleRequest(NULL, Object(Config\Cache), false)
#7 /Applications/XAMPP/xamppfiles/htdocs/codeigniter-dgac/public/index.php(45): CodeIgniter\CodeIgniter->run()
#8 {main}
CRITICAL - 2020-06-16 18:04:01 --> Undefined index: userid
#0 /Applications/XAMPP/xamppfiles/htdocs/codeigniter-dgac/app/Views/comunidad/editar-comunidad.php(94): CodeIgniter\Debug\Exceptions->errorHandler(8, 'Undefined index...', '/Applications/X...', 94, Array)
#1 /Applications/XAMPP/xamppfiles/htdocs/codeigniter-dgac/system/View/View.php(246): include('/Applications/X...')
#2 /Applications/XAMPP/xamppfiles/htdocs/codeigniter-dgac/system/Common.php(1087): CodeIgniter\View\View->render('comunidad/edita...', Array, true)
#3 /Applications/XAMPP/xamppfiles/htdocs/codeigniter-dgac/app/Controllers/Comunidad.php(128): view('comunidad/edita...', Array)
#4 /Applications/XAMPP/xamppfiles/htdocs/codeigniter-dgac/system/CodeIgniter.php(914): App\Controllers\Comunidad->editar('454')
#5 /Applications/XAMPP/xamppfiles/htdocs/codeigniter-dgac/system/CodeIgniter.php(400): CodeIgniter\CodeIgniter->runController(Object(App\Controllers\Comunidad))
#6 /Applications/XAMPP/xamppfiles/htdocs/codeigniter-dgac/system/CodeIgniter.php(308): CodeIgniter\CodeIgniter->handleRequest(NULL, Object(Config\Cache), false)
#7 /Applications/XAMPP/xamppfiles/htdocs/codeigniter-dgac/public/index.php(45): CodeIgniter\CodeIgniter->run()
#8 {main}
CRITICAL - 2020-06-16 18:04:11 --> Undefined index: rut
#0 /Applications/XAMPP/xamppfiles/htdocs/codeigniter-dgac/app/Views/comunidad/editar-comunidad.php(112): CodeIgniter\Debug\Exceptions->errorHandler(8, 'Undefined index...', '/Applications/X...', 112, Array)
#1 /Applications/XAMPP/xamppfiles/htdocs/codeigniter-dgac/system/View/View.php(246): include('/Applications/X...')
#2 /Applications/XAMPP/xamppfiles/htdocs/codeigniter-dgac/system/Common.php(1087): CodeIgniter\View\View->render('comunidad/edita...', Array, true)
#3 /Applications/XAMPP/xamppfiles/htdocs/codeigniter-dgac/app/Controllers/Comunidad.php(128): view('comunidad/edita...', Array)
#4 /Applications/XAMPP/xamppfiles/htdocs/codeigniter-dgac/system/CodeIgniter.php(914): App\Controllers\Comunidad->editar('454')
#5 /Applications/XAMPP/xamppfiles/htdocs/codeigniter-dgac/system/CodeIgniter.php(400): CodeIgniter\CodeIgniter->runController(Object(App\Controllers\Comunidad))
#6 /Applications/XAMPP/xamppfiles/htdocs/codeigniter-dgac/system/CodeIgniter.php(308): CodeIgniter\CodeIgniter->handleRequest(NULL, Object(Config\Cache), false)
#7 /Applications/XAMPP/xamppfiles/htdocs/codeigniter-dgac/public/index.php(45): CodeIgniter\CodeIgniter->run()
#8 {main}
CRITICAL - 2020-06-16 18:06:02 --> Undefined variable: r_carreras
#0 /Applications/XAMPP/xamppfiles/htdocs/codeigniter-dgac/app/Views/comunidad/editar-comunidad.php(90): CodeIgniter\Debug\Exceptions->errorHandler(8, 'Undefined varia...', '/Applications/X...', 90, Array)
#1 /Applications/XAMPP/xamppfiles/htdocs/codeigniter-dgac/system/View/View.php(246): include('/Applications/X...')
#2 /Applications/XAMPP/xamppfiles/htdocs/codeigniter-dgac/system/Common.php(1087): CodeIgniter\View\View->render('comunidad/edita...', Array, true)
#3 /Applications/XAMPP/xamppfiles/htdocs/codeigniter-dgac/app/Controllers/Comunidad.php(128): view('comunidad/edita...', Array)
#4 /Applications/XAMPP/xamppfiles/htdocs/codeigniter-dgac/system/CodeIgniter.php(914): App\Controllers\Comunidad->editar('454')
#5 /Applications/XAMPP/xamppfiles/htdocs/codeigniter-dgac/system/CodeIgniter.php(400): CodeIgniter\CodeIgniter->runController(Object(App\Controllers\Comunidad))
#6 /Applications/XAMPP/xamppfiles/htdocs/codeigniter-dgac/system/CodeIgniter.php(308): CodeIgniter\CodeIgniter->handleRequest(NULL, Object(Config\Cache), false)
#7 /Applications/XAMPP/xamppfiles/htdocs/codeigniter-dgac/public/index.php(45): CodeIgniter\CodeIgniter->run()
#8 {main}
CRITICAL - 2020-06-16 18:08:47 --> Undefined index: quien_soy
#0 /Applications/XAMPP/xamppfiles/htdocs/codeigniter-dgac/app/Views/comunidad/editar-comunidad.php(269): CodeIgniter\Debug\Exceptions->errorHandler(8, 'Undefined index...', '/Applications/X...', 269, Array)
#1 /Applications/XAMPP/xamppfiles/htdocs/codeigniter-dgac/system/View/View.php(246): include('/Applications/X...')
#2 /Applications/XAMPP/xamppfiles/htdocs/codeigniter-dgac/system/Common.php(1087): CodeIgniter\View\View->render('comunidad/edita...', Array, true)
#3 /Applications/XAMPP/xamppfiles/htdocs/codeigniter-dgac/app/Controllers/Comunidad.php(140): view('comunidad/edita...', Array)
#4 /Applications/XAMPP/xamppfiles/htdocs/codeigniter-dgac/system/CodeIgniter.php(914): App\Controllers\Comunidad->editar('454')
#5 /Applications/XAMPP/xamppfiles/htdocs/codeigniter-dgac/system/CodeIgniter.php(400): CodeIgniter\CodeIgniter->runController(Object(App\Controllers\Comunidad))
#6 /Applications/XAMPP/xamppfiles/htdocs/codeigniter-dgac/system/CodeIgniter.php(308): CodeIgniter\CodeIgniter->handleRequest(NULL, Object(Config\Cache), false)
#7 /Applications/XAMPP/xamppfiles/htdocs/codeigniter-dgac/public/index.php(45): CodeIgniter\CodeIgniter->run()
#8 {main}
CRITICAL - 2020-06-16 21:05:49 --> Undefined index: oid
#0 /Applications/XAMPP/xamppfiles/htdocs/codeigniter-dgac/app/Models/UsuarioModel.php(78): CodeIgniter\Debug\Exceptions->errorHandler(8, 'Undefined index...', '/Applications/X...', 78, Array)
#1 /Applications/XAMPP/xamppfiles/htdocs/codeigniter-dgac/app/Controllers/Comunidad.php(118): App\Models\UsuarioModel->editar_usuario_model(Array)
#2 /Applications/XAMPP/xamppfiles/htdocs/codeigniter-dgac/system/CodeIgniter.php(914): App\Controllers\Comunidad->editar('454')
#3 /Applications/XAMPP/xamppfiles/htdocs/codeigniter-dgac/system/CodeIgniter.php(400): CodeIgniter\CodeIgniter->runController(Object(App\Controllers\Comunidad))
#4 /Applications/XAMPP/xamppfiles/htdocs/codeigniter-dgac/system/CodeIgniter.php(308): CodeIgniter\CodeIgniter->handleRequest(NULL, Object(Config\Cache), false)
#5 /Applications/XAMPP/xamppfiles/htdocs/codeigniter-dgac/public/index.php(45): CodeIgniter\CodeIgniter->run()
#6 {main}
CRITICAL - 2020-06-16 21:08:38 --> Class 'App\Controllers\ComunidadoModel' not found
#0 /Applications/XAMPP/xamppfiles/htdocs/codeigniter-dgac/system/CodeIgniter.php(914): App\Controllers\Comunidad->editar('454')
#1 /Applications/XAMPP/xamppfiles/htdocs/codeigniter-dgac/system/CodeIgniter.php(400): CodeIgniter\CodeIgniter->runController(Object(App\Controllers\Comunidad))
#2 /Applications/XAMPP/xamppfiles/htdocs/codeigniter-dgac/system/CodeIgniter.php(308): CodeIgniter\CodeIgniter->handleRequest(NULL, Object(Config\Cache), false)
#3 /Applications/XAMPP/xamppfiles/htdocs/codeigniter-dgac/public/index.php(45): CodeIgniter\CodeIgniter->run()
#4 {main}
CRITICAL - 2020-06-16 21:08:56 --> Undefined index: oid
#0 /Applications/XAMPP/xamppfiles/htdocs/codeigniter-dgac/app/Models/ComunidadModel.php(109): CodeIgniter\Debug\Exceptions->errorHandler(8, 'Undefined index...', '/Applications/X...', 109, Array)
#1 /Applications/XAMPP/xamppfiles/htdocs/codeigniter-dgac/app/Controllers/Comunidad.php(118): App\Models\ComunidadModel->editar_comunidad(Array)
#2 /Applications/XAMPP/xamppfiles/htdocs/codeigniter-dgac/system/CodeIgniter.php(914): App\Controllers\Comunidad->editar('454')
#3 /Applications/XAMPP/xamppfiles/htdocs/codeigniter-dgac/system/CodeIgniter.php(400): CodeIgniter\CodeIgniter->runController(Object(App\Controllers\Comunidad))
#4 /Applications/XAMPP/xamppfiles/htdocs/codeigniter-dgac/system/CodeIgniter.php(308): CodeIgniter\CodeIgniter->handleRequest(NULL, Object(Config\Cache), false)
#5 /Applications/XAMPP/xamppfiles/htdocs/codeigniter-dgac/public/index.php(45): CodeIgniter\CodeIgniter->run()
#6 {main}
CRITICAL - 2020-06-16 21:10:47 --> Undefined variable: query
#0 /Applications/XAMPP/xamppfiles/htdocs/codeigniter-dgac/app/Views/usuario/buscar-usuario.php(87): CodeIgniter\Debug\Exceptions->errorHandler(8, 'Undefined varia...', '/Applications/X...', 87, Array)
#1 /Applications/XAMPP/xamppfiles/htdocs/codeigniter-dgac/system/View/View.php(246): include('/Applications/X...')
#2 /Applications/XAMPP/xamppfiles/htdocs/codeigniter-dgac/system/Common.php(1087): CodeIgniter\View\View->render('usuario/buscar-...', Array, true)
#3 /Applications/XAMPP/xamppfiles/htdocs/codeigniter-dgac/app/Controllers/Usuario.php(71): view('usuario/buscar-...', Array)
#4 /Applications/XAMPP/xamppfiles/htdocs/codeigniter-dgac/system/CodeIgniter.php(914): App\Controllers\Usuario->buscar_usuario()
#5 /Applications/XAMPP/xamppfiles/htdocs/codeigniter-dgac/system/CodeIgniter.php(400): CodeIgniter\CodeIgniter->runController(Object(App\Controllers\Usuario))
#6 /Applications/XAMPP/xamppfiles/htdocs/codeigniter-dgac/system/CodeIgniter.php(308): CodeIgniter\CodeIgniter->handleRequest(NULL, Object(Config\Cache), false)
#7 /Applications/XAMPP/xamppfiles/htdocs/codeigniter-dgac/public/index.php(45): CodeIgniter\CodeIgniter->run()
#8 {main}
CRITICAL - 2020-06-16 23:37:06 --> Undefined variable: query
#0 /Applications/XAMPP/xamppfiles/htdocs/codeigniter-dgac/app/Views/usuario/buscar-usuario.php(87): CodeIgniter\Debug\Exceptions->errorHandler(8, 'Undefined varia...', '/Applications/X...', 87, Array)
#1 /Applications/XAMPP/xamppfiles/htdocs/codeigniter-dgac/system/View/View.php(246): include('/Applications/X...')
#2 /Applications/XAMPP/xamppfiles/htdocs/codeigniter-dgac/system/Common.php(1087): CodeIgniter\View\View->render('usuario/buscar-...', Array, true)
#3 /Applications/XAMPP/xamppfiles/htdocs/codeigniter-dgac/app/Controllers/Usuario.php(71): view('usuario/buscar-...', Array)
#4 /Applications/XAMPP/xamppfiles/htdocs/codeigniter-dgac/system/CodeIgniter.php(914): App\Controllers\Usuario->buscar_usuario()
#5 /Applications/XAMPP/xamppfiles/htdocs/codeigniter-dgac/system/CodeIgniter.php(400): CodeIgniter\CodeIgniter->runController(Object(App\Controllers\Usuario))
#6 /Applications/XAMPP/xamppfiles/htdocs/codeigniter-dgac/system/CodeIgniter.php(308): CodeIgniter\CodeIgniter->handleRequest(NULL, Object(Config\Cache), false)
#7 /Applications/XAMPP/xamppfiles/htdocs/codeigniter-dgac/public/index.php(45): CodeIgniter\CodeIgniter->run()
#8 {main}
