CRITICAL - 2020-06-04 02:29:45 --> Undefined property: stdClass::$usuario
#0 /Applications/XAMPP/xamppfiles/htdocs/codeigniter-dgac/app/Views/usuario/listado-usuario.php(78): CodeIgniter\Debug\Exceptions->errorHandler(8, 'Undefined prope...', '/Applications/X...', 78, Array)
#1 /Applications/XAMPP/xamppfiles/htdocs/codeigniter-dgac/system/View/View.php(246): include('/Applications/X...')
#2 /Applications/XAMPP/xamppfiles/htdocs/codeigniter-dgac/system/Common.php(1087): CodeIgniter\View\View->render('usuario/listado...', Array, true)
#3 /Applications/XAMPP/xamppfiles/htdocs/codeigniter-dgac/app/Controllers/Usuario.php(98): view('usuario/listado...', Array)
#4 /Applications/XAMPP/xamppfiles/htdocs/codeigniter-dgac/system/CodeIgniter.php(914): App\Controllers\Usuario->buscar_usuario()
#5 /Applications/XAMPP/xamppfiles/htdocs/codeigniter-dgac/system/CodeIgniter.php(400): CodeIgniter\CodeIgniter->runController(Object(App\Controllers\Usuario))
#6 /Applications/XAMPP/xamppfiles/htdocs/codeigniter-dgac/system/CodeIgniter.php(308): CodeIgniter\CodeIgniter->handleRequest(NULL, Object(Config\Cache), false)
#7 /Applications/XAMPP/xamppfiles/htdocs/codeigniter-dgac/public/index.php(45): CodeIgniter\CodeIgniter->run()
#8 {main}
CRITICAL - 2020-06-04 02:50:53 --> Unknown column 'id' in 'where clause'
#0 /Applications/XAMPP/xamppfiles/htdocs/codeigniter-dgac/system/Database/MySQLi/Connection.php(331): mysqli->query('DELETE FROM `us...')
#1 /Applications/XAMPP/xamppfiles/htdocs/codeigniter-dgac/system/Database/BaseConnection.php(738): CodeIgniter\Database\MySQLi\Connection->execute('DELETE FROM `us...')
#2 /Applications/XAMPP/xamppfiles/htdocs/codeigniter-dgac/system/Database/BaseConnection.php(666): CodeIgniter\Database\BaseConnection->simpleQuery('DELETE FROM `us...')
#3 /Applications/XAMPP/xamppfiles/htdocs/codeigniter-dgac/system/Database/BaseBuilder.php(2836): CodeIgniter\Database\BaseConnection->query('DELETE FROM `us...', Array, false)
#4 /Applications/XAMPP/xamppfiles/htdocs/codeigniter-dgac/app/Models/UsuarioModel.php(66): CodeIgniter\Database\BaseBuilder->delete(Array)
#5 /Applications/XAMPP/xamppfiles/htdocs/codeigniter-dgac/app/Controllers/Usuario.php(83): App\Models\UsuarioModel->eliminar_usuario_model('13673')
#6 /Applications/XAMPP/xamppfiles/htdocs/codeigniter-dgac/system/CodeIgniter.php(914): App\Controllers\Usuario->eliminar_usuario('13673')
#7 /Applications/XAMPP/xamppfiles/htdocs/codeigniter-dgac/system/CodeIgniter.php(400): CodeIgniter\CodeIgniter->runController(Object(App\Controllers\Usuario))
#8 /Applications/XAMPP/xamppfiles/htdocs/codeigniter-dgac/system/CodeIgniter.php(308): CodeIgniter\CodeIgniter->handleRequest(NULL, Object(Config\Cache), false)
#9 /Applications/XAMPP/xamppfiles/htdocs/codeigniter-dgac/public/index.php(45): CodeIgniter\CodeIgniter->run()
#10 {main}
