CRITICAL - 2020-05-25 00:53:38 --> Invalid file: dgac/breadcum.php
#0 /opt/lampp/htdocs/codeigniter-dgac/system/View/View.php(228): CodeIgniter\Exceptions\FrameworkException::forInvalidFile('dgac/breadcum.p...')
#1 /opt/lampp/htdocs/codeigniter-dgac/system/Common.php(1087): CodeIgniter\View\View->render('dgac/breadcum', Array, true)
#2 /opt/lampp/htdocs/codeigniter-dgac/app/Views/index.php(34): view('dgac/breadcum', Array)
#3 /opt/lampp/htdocs/codeigniter-dgac/system/View/View.php(246): include('/opt/lampp/htdo...')
#4 /opt/lampp/htdocs/codeigniter-dgac/system/Common.php(1087): CodeIgniter\View\View->render('index', Array, true)
#5 /opt/lampp/htdocs/codeigniter-dgac/app/Controllers/Home.php(8): view('index', Array)
#6 /opt/lampp/htdocs/codeigniter-dgac/system/CodeIgniter.php(914): App\Controllers\Home->index()
#7 /opt/lampp/htdocs/codeigniter-dgac/system/CodeIgniter.php(400): CodeIgniter\CodeIgniter->runController(Object(App\Controllers\Home))
#8 /opt/lampp/htdocs/codeigniter-dgac/system/CodeIgniter.php(308): CodeIgniter\CodeIgniter->handleRequest(NULL, Object(Config\Cache), false)
#9 /opt/lampp/htdocs/codeigniter-dgac/public/index.php(45): CodeIgniter\CodeIgniter->run()
#10 {main}
CRITICAL - 2020-05-25 00:54:27 --> Invalid file: dgac/breadcum.php
#0 /opt/lampp/htdocs/codeigniter-dgac/system/View/View.php(228): CodeIgniter\Exceptions\FrameworkException::forInvalidFile('dgac/breadcum.p...')
#1 /opt/lampp/htdocs/codeigniter-dgac/system/Common.php(1087): CodeIgniter\View\View->render('dgac/breadcum', Array, true)
#2 /opt/lampp/htdocs/codeigniter-dgac/app/Views/index.php(34): view('dgac/breadcum')
#3 /opt/lampp/htdocs/codeigniter-dgac/system/View/View.php(246): include('/opt/lampp/htdo...')
#4 /opt/lampp/htdocs/codeigniter-dgac/system/Common.php(1087): CodeIgniter\View\View->render('index', Array, true)
#5 /opt/lampp/htdocs/codeigniter-dgac/app/Controllers/Home.php(8): view('index', Array)
#6 /opt/lampp/htdocs/codeigniter-dgac/system/CodeIgniter.php(914): App\Controllers\Home->index()
#7 /opt/lampp/htdocs/codeigniter-dgac/system/CodeIgniter.php(400): CodeIgniter\CodeIgniter->runController(Object(App\Controllers\Home))
#8 /opt/lampp/htdocs/codeigniter-dgac/system/CodeIgniter.php(308): CodeIgniter\CodeIgniter->handleRequest(NULL, Object(Config\Cache), false)
#9 /opt/lampp/htdocs/codeigniter-dgac/public/index.php(45): CodeIgniter\CodeIgniter->run()
#10 {main}
CRITICAL - 2020-05-25 00:54:45 --> Invalid file: dgac/breadcum.php
#0 /opt/lampp/htdocs/codeigniter-dgac/system/View/View.php(228): CodeIgniter\Exceptions\FrameworkException::forInvalidFile('dgac/breadcum.p...')
#1 /opt/lampp/htdocs/codeigniter-dgac/system/Common.php(1087): CodeIgniter\View\View->render('dgac/breadcum', Array, true)
#2 /opt/lampp/htdocs/codeigniter-dgac/app/Views/index.php(34): view('dgac/breadcum')
#3 /opt/lampp/htdocs/codeigniter-dgac/system/View/View.php(246): include('/opt/lampp/htdo...')
#4 /opt/lampp/htdocs/codeigniter-dgac/system/Common.php(1087): CodeIgniter\View\View->render('index', Array, true)
#5 /opt/lampp/htdocs/codeigniter-dgac/app/Controllers/Home.php(8): view('index', Array)
#6 /opt/lampp/htdocs/codeigniter-dgac/system/CodeIgniter.php(914): App\Controllers\Home->index()
#7 /opt/lampp/htdocs/codeigniter-dgac/system/CodeIgniter.php(400): CodeIgniter\CodeIgniter->runController(Object(App\Controllers\Home))
#8 /opt/lampp/htdocs/codeigniter-dgac/system/CodeIgniter.php(308): CodeIgniter\CodeIgniter->handleRequest(NULL, Object(Config\Cache), false)
#9 /opt/lampp/htdocs/codeigniter-dgac/public/index.php(45): CodeIgniter\CodeIgniter->run()
#10 {main}
CRITICAL - 2020-05-25 00:55:31 --> Invalid file: dgac/breadcum.php
#0 /opt/lampp/htdocs/codeigniter-dgac/system/View/View.php(228): CodeIgniter\Exceptions\FrameworkException::forInvalidFile('dgac/breadcum.p...')
#1 /opt/lampp/htdocs/codeigniter-dgac/system/Common.php(1087): CodeIgniter\View\View->render('dgac/breadcum', Array, true)
#2 /opt/lampp/htdocs/codeigniter-dgac/app/Views/index.php(34): view('dgac/breadcum')
#3 /opt/lampp/htdocs/codeigniter-dgac/system/View/View.php(246): include('/opt/lampp/htdo...')
#4 /opt/lampp/htdocs/codeigniter-dgac/system/Common.php(1087): CodeIgniter\View\View->render('index', Array, true)
#5 /opt/lampp/htdocs/codeigniter-dgac/app/Controllers/Home.php(9): view('index', Array)
#6 /opt/lampp/htdocs/codeigniter-dgac/system/CodeIgniter.php(914): App\Controllers\Home->index()
#7 /opt/lampp/htdocs/codeigniter-dgac/system/CodeIgniter.php(400): CodeIgniter\CodeIgniter->runController(Object(App\Controllers\Home))
#8 /opt/lampp/htdocs/codeigniter-dgac/system/CodeIgniter.php(308): CodeIgniter\CodeIgniter->handleRequest(NULL, Object(Config\Cache), false)
#9 /opt/lampp/htdocs/codeigniter-dgac/public/index.php(45): CodeIgniter\CodeIgniter->run()
#10 {main}
CRITICAL - 2020-05-25 00:55:41 --> Invalid file: dgac/breadcum.php
#0 /opt/lampp/htdocs/codeigniter-dgac/system/View/View.php(228): CodeIgniter\Exceptions\FrameworkException::forInvalidFile('dgac/breadcum.p...')
#1 /opt/lampp/htdocs/codeigniter-dgac/system/Common.php(1087): CodeIgniter\View\View->render('dgac/breadcum', Array, true)
#2 /opt/lampp/htdocs/codeigniter-dgac/app/Views/index.php(34): view('dgac/breadcum')
#3 /opt/lampp/htdocs/codeigniter-dgac/system/View/View.php(246): include('/opt/lampp/htdo...')
#4 /opt/lampp/htdocs/codeigniter-dgac/system/Common.php(1087): CodeIgniter\View\View->render('index', Array, true)
#5 /opt/lampp/htdocs/codeigniter-dgac/app/Controllers/Home.php(9): view('index', Array)
#6 /opt/lampp/htdocs/codeigniter-dgac/system/CodeIgniter.php(914): App\Controllers\Home->index()
#7 /opt/lampp/htdocs/codeigniter-dgac/system/CodeIgniter.php(400): CodeIgniter\CodeIgniter->runController(Object(App\Controllers\Home))
#8 /opt/lampp/htdocs/codeigniter-dgac/system/CodeIgniter.php(308): CodeIgniter\CodeIgniter->handleRequest(NULL, Object(Config\Cache), false)
#9 /opt/lampp/htdocs/codeigniter-dgac/public/index.php(45): CodeIgniter\CodeIgniter->run()
#10 {main}
CRITICAL - 2020-05-25 00:55:42 --> Invalid file: dgac/breadcum.php
#0 /opt/lampp/htdocs/codeigniter-dgac/system/View/View.php(228): CodeIgniter\Exceptions\FrameworkException::forInvalidFile('dgac/breadcum.p...')
#1 /opt/lampp/htdocs/codeigniter-dgac/system/Common.php(1087): CodeIgniter\View\View->render('dgac/breadcum', Array, true)
#2 /opt/lampp/htdocs/codeigniter-dgac/app/Views/index.php(34): view('dgac/breadcum')
#3 /opt/lampp/htdocs/codeigniter-dgac/system/View/View.php(246): include('/opt/lampp/htdo...')
#4 /opt/lampp/htdocs/codeigniter-dgac/system/Common.php(1087): CodeIgniter\View\View->render('index', Array, true)
#5 /opt/lampp/htdocs/codeigniter-dgac/app/Controllers/Home.php(9): view('index', Array)
#6 /opt/lampp/htdocs/codeigniter-dgac/system/CodeIgniter.php(914): App\Controllers\Home->index()
#7 /opt/lampp/htdocs/codeigniter-dgac/system/CodeIgniter.php(400): CodeIgniter\CodeIgniter->runController(Object(App\Controllers\Home))
#8 /opt/lampp/htdocs/codeigniter-dgac/system/CodeIgniter.php(308): CodeIgniter\CodeIgniter->handleRequest(NULL, Object(Config\Cache), false)
#9 /opt/lampp/htdocs/codeigniter-dgac/public/index.php(45): CodeIgniter\CodeIgniter->run()
#10 {main}
CRITICAL - 2020-05-25 00:56:02 --> Invalid file: dgac/breadcum.php
#0 /opt/lampp/htdocs/codeigniter-dgac/system/View/View.php(228): CodeIgniter\Exceptions\FrameworkException::forInvalidFile('dgac/breadcum.p...')
#1 /opt/lampp/htdocs/codeigniter-dgac/system/Common.php(1087): CodeIgniter\View\View->render('dgac/breadcum', Array, true)
#2 /opt/lampp/htdocs/codeigniter-dgac/app/Views/index.php(34): view('dgac/breadcum')
#3 /opt/lampp/htdocs/codeigniter-dgac/system/View/View.php(246): include('/opt/lampp/htdo...')
#4 /opt/lampp/htdocs/codeigniter-dgac/system/Common.php(1087): CodeIgniter\View\View->render('index', Array, true)
#5 /opt/lampp/htdocs/codeigniter-dgac/app/Controllers/Home.php(9): view('index', Array)
#6 /opt/lampp/htdocs/codeigniter-dgac/system/CodeIgniter.php(914): App\Controllers\Home->index()
#7 /opt/lampp/htdocs/codeigniter-dgac/system/CodeIgniter.php(400): CodeIgniter\CodeIgniter->runController(Object(App\Controllers\Home))
#8 /opt/lampp/htdocs/codeigniter-dgac/system/CodeIgniter.php(308): CodeIgniter\CodeIgniter->handleRequest(NULL, Object(Config\Cache), false)
#9 /opt/lampp/htdocs/codeigniter-dgac/public/index.php(45): CodeIgniter\CodeIgniter->run()
#10 {main}
CRITICAL - 2020-05-25 16:24:10 --> Invalid file: Profile/profile.php
#0 /opt/lampp/htdocs/codeigniter-dgac/system/View/View.php(228): CodeIgniter\Exceptions\FrameworkException::forInvalidFile('Profile/profile...')
#1 /opt/lampp/htdocs/codeigniter-dgac/system/Common.php(1087): CodeIgniter\View\View->render('Profile/profile', Array, true)
#2 /opt/lampp/htdocs/codeigniter-dgac/app/Views/dgac/topbar.php(318): view('Profile/profile')
#3 /opt/lampp/htdocs/codeigniter-dgac/system/View/View.php(246): include('/opt/lampp/htdo...')
#4 /opt/lampp/htdocs/codeigniter-dgac/system/Common.php(1087): CodeIgniter\View\View->render('dgac/topbar', Array, true)
#5 /opt/lampp/htdocs/codeigniter-dgac/app/Views/index.php(16): view('dgac/topbar')
#6 /opt/lampp/htdocs/codeigniter-dgac/system/View/View.php(246): include('/opt/lampp/htdo...')
#7 /opt/lampp/htdocs/codeigniter-dgac/system/Common.php(1087): CodeIgniter\View\View->render('index', Array, true)
#8 /opt/lampp/htdocs/codeigniter-dgac/app/Controllers/Home.php(8): view('index', Array)
#9 /opt/lampp/htdocs/codeigniter-dgac/system/CodeIgniter.php(914): App\Controllers\Home->index()
#10 /opt/lampp/htdocs/codeigniter-dgac/system/CodeIgniter.php(400): CodeIgniter\CodeIgniter->runController(Object(App\Controllers\Home))
#11 /opt/lampp/htdocs/codeigniter-dgac/system/CodeIgniter.php(308): CodeIgniter\CodeIgniter->handleRequest(NULL, Object(Config\Cache), false)
#12 /opt/lampp/htdocs/codeigniter-dgac/public/index.php(45): CodeIgniter\CodeIgniter->run()
#13 {main}
CRITICAL - 2020-05-25 16:24:16 --> Invalid file: Profile/profile.php
#0 /opt/lampp/htdocs/codeigniter-dgac/system/View/View.php(228): CodeIgniter\Exceptions\FrameworkException::forInvalidFile('Profile/profile...')
#1 /opt/lampp/htdocs/codeigniter-dgac/system/Common.php(1087): CodeIgniter\View\View->render('Profile/profile', Array, true)
#2 /opt/lampp/htdocs/codeigniter-dgac/app/Views/dgac/topbar.php(318): view('Profile/profile')
#3 /opt/lampp/htdocs/codeigniter-dgac/system/View/View.php(246): include('/opt/lampp/htdo...')
#4 /opt/lampp/htdocs/codeigniter-dgac/system/Common.php(1087): CodeIgniter\View\View->render('dgac/topbar', Array, true)
#5 /opt/lampp/htdocs/codeigniter-dgac/app/Views/index.php(16): view('dgac/topbar')
#6 /opt/lampp/htdocs/codeigniter-dgac/system/View/View.php(246): include('/opt/lampp/htdo...')
#7 /opt/lampp/htdocs/codeigniter-dgac/system/Common.php(1087): CodeIgniter\View\View->render('index', Array, true)
#8 /opt/lampp/htdocs/codeigniter-dgac/app/Controllers/Home.php(8): view('index', Array)
#9 /opt/lampp/htdocs/codeigniter-dgac/system/CodeIgniter.php(914): App\Controllers\Home->index()
#10 /opt/lampp/htdocs/codeigniter-dgac/system/CodeIgniter.php(400): CodeIgniter\CodeIgniter->runController(Object(App\Controllers\Home))
#11 /opt/lampp/htdocs/codeigniter-dgac/system/CodeIgniter.php(308): CodeIgniter\CodeIgniter->handleRequest(NULL, Object(Config\Cache), false)
#12 /opt/lampp/htdocs/codeigniter-dgac/public/index.php(45): CodeIgniter\CodeIgniter->run()
#13 {main}
CRITICAL - 2020-05-25 23:19:04 --> Use of undefined constant headers - assumed 'headers' (this will throw an Error in a future version of PHP)
#0 /opt/lampp/htdocs/codeigniter-dgac/app/Views/index.php(2): CodeIgniter\Debug\Exceptions->errorHandler(2, 'Use of undefine...', '/opt/lampp/htdo...', 2, Array)
#1 /opt/lampp/htdocs/codeigniter-dgac/system/View/View.php(246): include('/opt/lampp/htdo...')
#2 /opt/lampp/htdocs/codeigniter-dgac/system/Common.php(1087): CodeIgniter\View\View->render('index', Array, true)
#3 /opt/lampp/htdocs/codeigniter-dgac/app/Controllers/Home.php(8): view('index', Array)
#4 /opt/lampp/htdocs/codeigniter-dgac/system/CodeIgniter.php(914): App\Controllers\Home->index()
#5 /opt/lampp/htdocs/codeigniter-dgac/system/CodeIgniter.php(400): CodeIgniter\CodeIgniter->runController(Object(App\Controllers\Home))
#6 /opt/lampp/htdocs/codeigniter-dgac/system/CodeIgniter.php(308): CodeIgniter\CodeIgniter->handleRequest(NULL, Object(Config\Cache), false)
#7 /opt/lampp/htdocs/codeigniter-dgac/public/index.php(45): CodeIgniter\CodeIgniter->run()
#8 {main}
CRITICAL - 2020-05-25 23:20:22 --> Use of undefined constant headersView - assumed 'headersView' (this will throw an Error in a future version of PHP)
#0 /opt/lampp/htdocs/codeigniter-dgac/app/Views/index.php(2): CodeIgniter\Debug\Exceptions->errorHandler(2, 'Use of undefine...', '/opt/lampp/htdo...', 2, Array)
#1 /opt/lampp/htdocs/codeigniter-dgac/system/View/View.php(246): include('/opt/lampp/htdo...')
#2 /opt/lampp/htdocs/codeigniter-dgac/system/Common.php(1087): CodeIgniter\View\View->render('index', Array, true)
#3 /opt/lampp/htdocs/codeigniter-dgac/app/Controllers/Home.php(8): view('index', Array)
#4 /opt/lampp/htdocs/codeigniter-dgac/system/CodeIgniter.php(914): App\Controllers\Home->index()
#5 /opt/lampp/htdocs/codeigniter-dgac/system/CodeIgniter.php(400): CodeIgniter\CodeIgniter->runController(Object(App\Controllers\Home))
#6 /opt/lampp/htdocs/codeigniter-dgac/system/CodeIgniter.php(308): CodeIgniter\CodeIgniter->handleRequest(NULL, Object(Config\Cache), false)
#7 /opt/lampp/htdocs/codeigniter-dgac/public/index.php(45): CodeIgniter\CodeIgniter->run()
#8 {main}
CRITICAL - 2020-05-25 23:20:25 --> Use of undefined constant headersView - assumed 'headersView' (this will throw an Error in a future version of PHP)
#0 /opt/lampp/htdocs/codeigniter-dgac/app/Views/index.php(2): CodeIgniter\Debug\Exceptions->errorHandler(2, 'Use of undefine...', '/opt/lampp/htdo...', 2, Array)
#1 /opt/lampp/htdocs/codeigniter-dgac/system/View/View.php(246): include('/opt/lampp/htdo...')
#2 /opt/lampp/htdocs/codeigniter-dgac/system/Common.php(1087): CodeIgniter\View\View->render('index', Array, true)
#3 /opt/lampp/htdocs/codeigniter-dgac/app/Controllers/Home.php(8): view('index', Array)
#4 /opt/lampp/htdocs/codeigniter-dgac/system/CodeIgniter.php(914): App\Controllers\Home->index()
#5 /opt/lampp/htdocs/codeigniter-dgac/system/CodeIgniter.php(400): CodeIgniter\CodeIgniter->runController(Object(App\Controllers\Home))
#6 /opt/lampp/htdocs/codeigniter-dgac/system/CodeIgniter.php(308): CodeIgniter\CodeIgniter->handleRequest(NULL, Object(Config\Cache), false)
#7 /opt/lampp/htdocs/codeigniter-dgac/public/index.php(45): CodeIgniter\CodeIgniter->run()
#8 {main}
CRITICAL - 2020-05-25 23:22:14 --> Use of undefined constant headersView - assumed 'headersView' (this will throw an Error in a future version of PHP)
#0 /opt/lampp/htdocs/codeigniter-dgac/app/Views/profile.php(2): CodeIgniter\Debug\Exceptions->errorHandler(2, 'Use of undefine...', '/opt/lampp/htdo...', 2, Array)
#1 /opt/lampp/htdocs/codeigniter-dgac/system/View/View.php(246): include('/opt/lampp/htdo...')
#2 /opt/lampp/htdocs/codeigniter-dgac/system/Common.php(1087): CodeIgniter\View\View->render('profile', Array, true)
#3 /opt/lampp/htdocs/codeigniter-dgac/app/Controllers/Profile.php(8): view('profile', Array)
#4 /opt/lampp/htdocs/codeigniter-dgac/system/CodeIgniter.php(914): App\Controllers\Profile->index()
#5 /opt/lampp/htdocs/codeigniter-dgac/system/CodeIgniter.php(400): CodeIgniter\CodeIgniter->runController(Object(App\Controllers\Profile))
#6 /opt/lampp/htdocs/codeigniter-dgac/system/CodeIgniter.php(308): CodeIgniter\CodeIgniter->handleRequest(NULL, Object(Config\Cache), false)
#7 /opt/lampp/htdocs/codeigniter-dgac/public/index.php(45): CodeIgniter\CodeIgniter->run()
#8 {main}
CRITICAL - 2020-05-25 23:22:16 --> Use of undefined constant headersView - assumed 'headersView' (this will throw an Error in a future version of PHP)
#0 /opt/lampp/htdocs/codeigniter-dgac/app/Views/profile.php(2): CodeIgniter\Debug\Exceptions->errorHandler(2, 'Use of undefine...', '/opt/lampp/htdo...', 2, Array)
#1 /opt/lampp/htdocs/codeigniter-dgac/system/View/View.php(246): include('/opt/lampp/htdo...')
#2 /opt/lampp/htdocs/codeigniter-dgac/system/Common.php(1087): CodeIgniter\View\View->render('profile', Array, true)
#3 /opt/lampp/htdocs/codeigniter-dgac/app/Controllers/Profile.php(8): view('profile', Array)
#4 /opt/lampp/htdocs/codeigniter-dgac/system/CodeIgniter.php(914): App\Controllers\Profile->index()
#5 /opt/lampp/htdocs/codeigniter-dgac/system/CodeIgniter.php(400): CodeIgniter\CodeIgniter->runController(Object(App\Controllers\Profile))
#6 /opt/lampp/htdocs/codeigniter-dgac/system/CodeIgniter.php(308): CodeIgniter\CodeIgniter->handleRequest(NULL, Object(Config\Cache), false)
#7 /opt/lampp/htdocs/codeigniter-dgac/public/index.php(45): CodeIgniter\CodeIgniter->run()
#8 {main}
CRITICAL - 2020-05-25 23:22:30 --> Use of undefined constant headersView - assumed 'headersView' (this will throw an Error in a future version of PHP)
#0 /opt/lampp/htdocs/codeigniter-dgac/app/Views/profile.php(2): CodeIgniter\Debug\Exceptions->errorHandler(2, 'Use of undefine...', '/opt/lampp/htdo...', 2, Array)
#1 /opt/lampp/htdocs/codeigniter-dgac/system/View/View.php(246): include('/opt/lampp/htdo...')
#2 /opt/lampp/htdocs/codeigniter-dgac/system/Common.php(1087): CodeIgniter\View\View->render('profile', Array, true)
#3 /opt/lampp/htdocs/codeigniter-dgac/app/Controllers/Profile.php(8): view('profile', Array)
#4 /opt/lampp/htdocs/codeigniter-dgac/system/CodeIgniter.php(914): App\Controllers\Profile->index()
#5 /opt/lampp/htdocs/codeigniter-dgac/system/CodeIgniter.php(400): CodeIgniter\CodeIgniter->runController(Object(App\Controllers\Profile))
#6 /opt/lampp/htdocs/codeigniter-dgac/system/CodeIgniter.php(308): CodeIgniter\CodeIgniter->handleRequest(NULL, Object(Config\Cache), false)
#7 /opt/lampp/htdocs/codeigniter-dgac/public/index.php(45): CodeIgniter\CodeIgniter->run()
#8 {main}
CRITICAL - 2020-05-25 23:22:32 --> Use of undefined constant headersView - assumed 'headersView' (this will throw an Error in a future version of PHP)
#0 /opt/lampp/htdocs/codeigniter-dgac/app/Views/profile.php(2): CodeIgniter\Debug\Exceptions->errorHandler(2, 'Use of undefine...', '/opt/lampp/htdo...', 2, Array)
#1 /opt/lampp/htdocs/codeigniter-dgac/system/View/View.php(246): include('/opt/lampp/htdo...')
#2 /opt/lampp/htdocs/codeigniter-dgac/system/Common.php(1087): CodeIgniter\View\View->render('profile', Array, true)
#3 /opt/lampp/htdocs/codeigniter-dgac/app/Controllers/Profile.php(8): view('profile', Array)
#4 /opt/lampp/htdocs/codeigniter-dgac/system/CodeIgniter.php(914): App\Controllers\Profile->index()
#5 /opt/lampp/htdocs/codeigniter-dgac/system/CodeIgniter.php(400): CodeIgniter\CodeIgniter->runController(Object(App\Controllers\Profile))
#6 /opt/lampp/htdocs/codeigniter-dgac/system/CodeIgniter.php(308): CodeIgniter\CodeIgniter->handleRequest(NULL, Object(Config\Cache), false)
#7 /opt/lampp/htdocs/codeigniter-dgac/public/index.php(45): CodeIgniter\CodeIgniter->run()
#8 {main}
CRITICAL - 2020-05-25 23:23:17 --> syntax error, unexpected '=>' (T_DOUBLE_ARROW), expecting ';' or ','
#0 /opt/lampp/htdocs/codeigniter-dgac/system/Common.php(1087): CodeIgniter\View\View->render('profile', Array, true)
#1 /opt/lampp/htdocs/codeigniter-dgac/app/Controllers/Profile.php(8): view('profile', Array)
#2 /opt/lampp/htdocs/codeigniter-dgac/system/CodeIgniter.php(914): App\Controllers\Profile->index()
#3 /opt/lampp/htdocs/codeigniter-dgac/system/CodeIgniter.php(400): CodeIgniter\CodeIgniter->runController(Object(App\Controllers\Profile))
#4 /opt/lampp/htdocs/codeigniter-dgac/system/CodeIgniter.php(308): CodeIgniter\CodeIgniter->handleRequest(NULL, Object(Config\Cache), false)
#5 /opt/lampp/htdocs/codeigniter-dgac/public/index.php(45): CodeIgniter\CodeIgniter->run()
#6 {main}
CRITICAL - 2020-05-25 23:31:27 --> Call to undefined function App\Controllers\load_profile()
#0 /opt/lampp/htdocs/codeigniter-dgac/system/CodeIgniter.php(914): App\Controllers\Profile->index()
#1 /opt/lampp/htdocs/codeigniter-dgac/system/CodeIgniter.php(400): CodeIgniter\CodeIgniter->runController(Object(App\Controllers\Profile))
#2 /opt/lampp/htdocs/codeigniter-dgac/system/CodeIgniter.php(308): CodeIgniter\CodeIgniter->handleRequest(NULL, Object(Config\Cache), false)
#3 /opt/lampp/htdocs/codeigniter-dgac/public/index.php(45): CodeIgniter\CodeIgniter->run()
#4 {main}
CRITICAL - 2020-05-25 23:31:37 --> Call to undefined function App\Controllers\load_profile()
#0 /opt/lampp/htdocs/codeigniter-dgac/system/CodeIgniter.php(914): App\Controllers\Profile->index()
#1 /opt/lampp/htdocs/codeigniter-dgac/system/CodeIgniter.php(400): CodeIgniter\CodeIgniter->runController(Object(App\Controllers\Profile))
#2 /opt/lampp/htdocs/codeigniter-dgac/system/CodeIgniter.php(308): CodeIgniter\CodeIgniter->handleRequest(NULL, Object(Config\Cache), false)
#3 /opt/lampp/htdocs/codeigniter-dgac/public/index.php(45): CodeIgniter\CodeIgniter->run()
#4 {main}
CRITICAL - 2020-05-25 23:33:30 --> Call to undefined function App\Controllers\load_profile()
#0 /opt/lampp/htdocs/codeigniter-dgac/system/CodeIgniter.php(914): App\Controllers\Profile->index()
#1 /opt/lampp/htdocs/codeigniter-dgac/system/CodeIgniter.php(400): CodeIgniter\CodeIgniter->runController(Object(App\Controllers\Profile))
#2 /opt/lampp/htdocs/codeigniter-dgac/system/CodeIgniter.php(308): CodeIgniter\CodeIgniter->handleRequest(NULL, Object(Config\Cache), false)
#3 /opt/lampp/htdocs/codeigniter-dgac/public/index.php(45): CodeIgniter\CodeIgniter->run()
#4 {main}
CRITICAL - 2020-05-25 23:37:26 --> Call to undefined function App\Controllers\load_profile()
#0 /opt/lampp/htdocs/codeigniter-dgac/system/CodeIgniter.php(914): App\Controllers\Profile->index()
#1 /opt/lampp/htdocs/codeigniter-dgac/system/CodeIgniter.php(400): CodeIgniter\CodeIgniter->runController(Object(App\Controllers\Profile))
#2 /opt/lampp/htdocs/codeigniter-dgac/system/CodeIgniter.php(308): CodeIgniter\CodeIgniter->handleRequest(NULL, Object(Config\Cache), false)
#3 /opt/lampp/htdocs/codeigniter-dgac/public/index.php(45): CodeIgniter\CodeIgniter->run()
#4 {main}
CRITICAL - 2020-05-25 23:37:42 --> syntax error, unexpected '=>' (T_DOUBLE_ARROW)
#0 /opt/lampp/htdocs/codeigniter-dgac/system/Router/Router.php(192): CodeIgniter\Router\Router->autoRoute('Profile')
#1 /opt/lampp/htdocs/codeigniter-dgac/system/CodeIgniter.php(789): CodeIgniter\Router\Router->handle('Profile')
#2 /opt/lampp/htdocs/codeigniter-dgac/system/CodeIgniter.php(360): CodeIgniter\CodeIgniter->tryToRouteIt(Object(CodeIgniter\Router\RouteCollection))
#3 /opt/lampp/htdocs/codeigniter-dgac/system/CodeIgniter.php(308): CodeIgniter\CodeIgniter->handleRequest(NULL, Object(Config\Cache), false)
#4 /opt/lampp/htdocs/codeigniter-dgac/public/index.php(45): CodeIgniter\CodeIgniter->run()
#5 {main}
